This is LuaTeX, Version beta-0.80.0 (TeX Live 2015) (rev 5238)  (format=lualatex 2015.5.24)  6 JUL 2016 13:43
 restricted \write18 enabled.
 file:line:error style messages enabled.
**mdi-supp.tex
(./mdi-supp.tex
LaTeX2e <2015/01/01>
Babel <3.9l> and hyphenation patterns for 79 languages loaded.
(/usr/local/texlive/2015/texmf-dist/tex/latex/base/book.cls
Document Class: book 2014/09/29 v1.4h Standard LaTeX document class
(/usr/local/texlive/2015/texmf-dist/tex/latex/base/bk10.clo
File: bk10.clo 2014/09/29 v1.4h Standard LaTeX file (size option)
)
\c@part=\count79
\c@chapter=\count80
\c@section=\count81
\c@subsection=\count82
\c@subsubsection=\count83
\c@paragraph=\count84
\c@subparagraph=\count85
\c@figure=\count86
\c@table=\count87
\abovecaptionskip=\skip41
\belowcaptionskip=\skip42
\bibindent=\dimen102
)
(/usr/local/texlive/2015/texmf-dist/tex/latex/natbib/natbib.sty
Package: natbib 2010/09/13 8.31b (PWD, AO)
\bibhang=\skip43
\bibsep=\skip44
LaTeX Info: Redefining \cite on input line 694.
\c@NAT@ctr=\count88
)
(/usr/local/texlive/2015/texmf-dist/tex/latex/tools/array.sty
Package: array 2014/10/28 v2.4c Tabular extension package (FMi)
\col@sep=\dimen103
\extrarowheight=\dimen104
\NC@list=\toks14
\extratabsurround=\skip45
\backup@length=\skip46
)
(/usr/local/texlive/2015/texmf-dist/tex/latex/graphics/epsfig.sty
Package: epsfig 1999/02/16 v1.7a (e)psfig emulation (SPQR)

(/usr/local/texlive/2015/texmf-dist/tex/latex/graphics/graphicx.sty
Package: graphicx 2014/10/28 v1.0g Enhanced LaTeX Graphics (DPC,SPQR)

(/usr/local/texlive/2015/texmf-dist/tex/latex/graphics/keyval.sty
Package: keyval 2014/10/28 v1.15 key=value parser (DPC)
\KV@toks@=\toks15
)
(/usr/local/texlive/2015/texmf-dist/tex/latex/graphics/graphics.sty
Package: graphics 2014/10/28 v1.0p Standard LaTeX Graphics (DPC,SPQR)

(/usr/local/texlive/2015/texmf-dist/tex/latex/graphics/trig.sty
Package: trig 1999/03/16 v1.09 sin cos tan (DPC)
)
(/usr/local/texlive/2015/texmf-dist/tex/latex/latexconfig/graphics.cfg
File: graphics.cfg 2010/04/23 v1.9 graphics configuration of TeX Live
)
Package graphics Info: Driver file: pdftex.def on input line 94.

(/usr/local/texlive/2015/texmf-dist/tex/latex/pdftex-def/pdftex.def
File: pdftex.def 2011/05/27 v0.06d Graphics/color for pdfTeX

(/usr/local/texlive/2015/texmf-dist/tex/generic/oberdiek/infwarerr.sty
Package: infwarerr 2010/04/08 v1.3 Providing info/warning/error messages (HO)
)
(/usr/local/texlive/2015/texmf-dist/tex/generic/oberdiek/ltxcmds.sty
Package: ltxcmds 2011/11/09 v1.22 LaTeX kernel commands for general use (HO)
)
\Gread@gobject=\count89
))
\Gin@req@height=\dimen105
\Gin@req@width=\dimen106
)
\epsfxsize=\dimen107
\epsfysize=\dimen108
)
(/usr/local/texlive/2015/texmf-dist/tex/latex/fancyhdr/fancyhdr.sty
\fancy@headwidth=\skip47
\f@ncyO@elh=\skip48
\f@ncyO@erh=\skip49
\f@ncyO@olh=\skip50
\f@ncyO@orh=\skip51
\f@ncyO@elf=\skip52
\f@ncyO@erf=\skip53
\f@ncyO@olf=\skip54
\f@ncyO@orf=\skip55
)
(/usr/local/texlive/2015/texmf-dist/tex/latex/rotating/rotating.sty
Package: rotating 2009/03/28 v2.16a rotated objects in LaTeX

(/usr/local/texlive/2015/texmf-dist/tex/latex/base/ifthen.sty
Package: ifthen 2014/09/29 v1.1c Standard LaTeX ifthen package (DPC)
)
\c@r@tfl@t=\count90
\rotFPtop=\skip56
\rotFPbot=\skip57
\rot@float@box=\box26
\rot@mess@toks=\toks16
)
(/usr/local/texlive/2015/texmf-dist/tex/latex/hyperref/hyperref.sty
Package: hyperref 2012/11/06 v6.83m Hypertext links for LaTeX

(/usr/local/texlive/2015/texmf-dist/tex/generic/oberdiek/hobsub-hyperref.sty
Package: hobsub-hyperref 2012/05/28 v1.13 Bundle oberdiek, subset hyperref (HO)

(/usr/local/texlive/2015/texmf-dist/tex/generic/oberdiek/hobsub-generic.sty
Package: hobsub-generic 2012/05/28 v1.13 Bundle oberdiek, subset generic (HO)
Package: hobsub 2012/05/28 v1.13 Construct package bundles (HO)
Package hobsub Info: Skipping package `infwarerr' (already loaded).
Package hobsub Info: Skipping package `ltxcmds' (already loaded).
Package: ifluatex 2010/03/01 v1.3 Provides the ifluatex switch (HO)
Package ifluatex Info: LuaTeX detected.
Package: ifvtex 2010/03/01 v1.5 Detect VTeX and its facilities (HO)
Package ifvtex Info: VTeX not detected.
Package: intcalc 2007/09/27 v1.1 Expandable calculations with integers (HO)
Package: ifpdf 2011/01/30 v2.3 Provides the ifpdf switch (HO)
Package ifpdf Info: pdfTeX in PDF mode is detected.
Package: etexcmds 2011/02/16 v1.5 Avoid name clashes with e-TeX commands (HO)
Package: kvsetkeys 2012/04/25 v1.16 Key value parser (HO)
Package: kvdefinekeys 2011/04/07 v1.3 Define keys (HO)
Package: luatex-loader 2010/03/09 v0.4 Lua module loader (HO)

(/usr/local/texlive/2015/texmf-dist/scripts/oberdiek/oberdiek.luatex.lua)
Package: pdftexcmds 2011/11/29 v0.20 Utility functions of pdfTeX for LuaTeX (HO)

Package pdftexcmds Info: \pdf@primitive is available.
Package pdftexcmds Info: \pdf@ifprimitive is available.
Package pdftexcmds Info: \pdfdraftmode found.
\pdftexcmds@toks=\toks17
Package: pdfescape 2011/11/25 v1.13 Implements pdfTeX's escape features (HO)
Package: bigintcalc 2012/04/08 v1.3 Expandable calculations on big integers (HO)

Package: bitset 2011/01/30 v1.1 Handle bit-vector datatype (HO)
Package: uniquecounter 2011/01/30 v1.2 Provide unlimited unique counter (HO)
)
Package hobsub Info: Skipping package `hobsub' (already loaded).
Package: letltxmacro 2010/09/02 v1.4 Let assignment for LaTeX macros (HO)
Package: hopatch 2012/05/28 v1.2 Wrapper for package hooks (HO)
Package: xcolor-patch 2011/01/30 xcolor patch
Package: atveryend 2011/06/30 v1.8 Hooks at the very end of document (HO)
Package atveryend Info: \enddocument detected (standard20110627).
Package: atbegshi 2011/10/05 v1.16 At begin shipout hook (HO)
Package: refcount 2011/10/16 v3.4 Data extraction from label references (HO)
Package: hycolor 2011/01/30 v1.7 Color options for hyperref/bookmark (HO)
)
(/usr/local/texlive/2015/texmf-dist/tex/generic/ifxetex/ifxetex.sty
Package: ifxetex 2010/09/12 v0.6 Provides ifxetex conditional
)
(/usr/local/texlive/2015/texmf-dist/tex/latex/oberdiek/auxhook.sty
Package: auxhook 2011/03/04 v1.3 Hooks for auxiliary files (HO)
)
(/usr/local/texlive/2015/texmf-dist/tex/latex/oberdiek/kvoptions.sty
Package: kvoptions 2011/06/30 v3.11 Key value format for package options (HO)
)
\@linkdim=\dimen109
\Hy@linkcounter=\count91
\Hy@pagecounter=\count92

(/usr/local/texlive/2015/texmf-dist/tex/latex/hyperref/pd1enc.def
File: pd1enc.def 2012/11/06 v6.83m Hyperref: PDFDocEncoding definition (HO)
)
\Hy@SavedSpaceFactor=\count93

(/usr/local/texlive/2015/texmf-dist/tex/latex/latexconfig/hyperref.cfg
File: hyperref.cfg 2002/06/06 v1.2 hyperref configuration of TeXLive
)
Package hyperref Info: Hyper figures OFF on input line 4443.
Package hyperref Info: Link nesting OFF on input line 4448.
Package hyperref Info: Hyper index ON on input line 4451.
Package hyperref Info: Plain pages OFF on input line 4458.
Package hyperref Info: Backreferencing OFF on input line 4463.
Package hyperref Info: Implicit mode ON; LaTeX internals redefined.
Package hyperref Info: Bookmarks ON on input line 4688.
\c@Hy@tempcnt=\count94

(/usr/local/texlive/2015/texmf-dist/tex/latex/url/url.sty
\Urlmuskip=\muskip10
Package: url 2013/09/16  ver 3.4  Verb mode for urls, etc.
)
LaTeX Info: Redefining \url on input line 5041.
\XeTeXLinkMargin=\dimen110
\Fld@menulength=\count95
\Field@Width=\dimen111
\Fld@charsize=\dimen112
Package hyperref Info: Hyper figures OFF on input line 6295.
Package hyperref Info: Link nesting OFF on input line 6300.
Package hyperref Info: Hyper index ON on input line 6303.
Package hyperref Info: backreferencing OFF on input line 6310.
Package hyperref Info: Link coloring OFF on input line 6315.
Package hyperref Info: Link coloring with OCG OFF on input line 6320.
Package hyperref Info: PDF/A mode OFF on input line 6325.
LaTeX Info: Redefining \ref on input line 6365.
LaTeX Info: Redefining \pageref on input line 6369.
\Hy@abspage=\count96
\c@Item=\count97
\c@Hfootnote=\count98
)

Package hyperref Message: Driver (autodetected): hpdftex.

(/usr/local/texlive/2015/texmf-dist/tex/latex/hyperref/hpdftex.def
File: hpdftex.def 2012/11/06 v6.83m Hyperref driver for pdfTeX
\Fld@listcount=\count99
\c@bookmark@seq@number=\count100

(/usr/local/texlive/2015/texmf-dist/tex/latex/oberdiek/rerunfilecheck.sty
Package: rerunfilecheck 2011/04/15 v1.7 Rerun checks for auxiliary files (HO)
Package uniquecounter Info: New unique counter `rerunfilecheck' on input line 28
2.
)
\Hy@SectionHShift=\skip58
)
(/usr/local/texlive/2015/texmf-dist/tex/latex/oberdiek/epstopdf.sty
Package: epstopdf 2010/02/09 v2.5 Conversion with epstopdf on the fly (HO)

(/usr/local/texlive/2015/texmf-dist/tex/latex/oberdiek/epstopdf-base.sty
Package: epstopdf-base 2010/02/09 v2.5 Base part for package epstopdf

(/usr/local/texlive/2015/texmf-dist/tex/latex/oberdiek/grfext.sty
Package: grfext 2010/08/19 v1.1 Manage graphics extensions (HO)
)
Package grfext Info: Graphics extension search list:
(grfext)             [.png,.pdf,.jpg,.mps,.tif,.jpeg,.PNG,.PDF,.JPG,.JPEG,.eps]
(grfext)             \AppendGraphicsExtensions on input line 452.

(/usr/local/texlive/2015/texmf-dist/tex/latex/latexconfig/epstopdf-sys.cfg
File: epstopdf-sys.cfg 2010/07/13 v1.3 Configuration of (r)epstopdf for TeX Live

)))
(/usr/local/texlive/2015/texmf-dist/tex/latex/amsmath/amsmath.sty
Package: amsmath 2013/01/14 v2.14 AMS math features
\@mathmargin=\skip59

For additional information on amsmath, use the `?' option.
(/usr/local/texlive/2015/texmf-dist/tex/latex/amsmath/amstext.sty
Package: amstext 2000/06/29 v2.01

(/usr/local/texlive/2015/texmf-dist/tex/latex/amsmath/amsgen.sty
File: amsgen.sty 1999/11/30 v2.0
\@emptytoks=\toks18
\ex@=\dimen113
))
(/usr/local/texlive/2015/texmf-dist/tex/latex/amsmath/amsbsy.sty
Package: amsbsy 1999/11/29 v1.2d
\pmbraise@=\dimen114
)
(/usr/local/texlive/2015/texmf-dist/tex/latex/amsmath/amsopn.sty
Package: amsopn 1999/12/14 v2.01 operator names
)
\inf@bad=\count101
LaTeX Info: Redefining \frac on input line 210.
\uproot@=\count102
\leftroot@=\count103
LaTeX Info: Redefining \overline on input line 306.
\classnum@=\count104
\DOTSCASE@=\count105
LaTeX Info: Redefining \ldots on input line 378.
LaTeX Info: Redefining \dots on input line 381.
LaTeX Info: Redefining \cdots on input line 466.
\Mathstrutbox@=\box27
\strutbox@=\box28
\big@size=\dimen115
LaTeX Font Info:    Redeclaring font encoding OML on input line 566.
LaTeX Font Info:    Redeclaring font encoding OMS on input line 567.
\macc@depth=\count106
\c@MaxMatrixCols=\count107
\dotsspace@=\muskip11
\c@parentequation=\count108
\dspbrk@lvl=\count109
\tag@help=\toks19
\row@=\count110
\column@=\count111
\maxfields@=\count112
\andhelp@=\toks20
\eqnshift@=\dimen116
\alignsep@=\dimen117
\tagshift@=\dimen118
\tagwidth@=\dimen119
\totwidth@=\dimen120
\lineht@=\dimen121
\@envbody=\toks21
\multlinegap=\skip60
\multlinetaggap=\skip61
\mathdisplay@stack=\toks22
LaTeX Info: Redefining \[ on input line 2665.
LaTeX Info: Redefining \] on input line 2666.
)
(/usr/local/texlive/2015/texmf-dist/tex/latex/amsfonts/amssymb.sty
Package: amssymb 2013/01/14 v3.01 AMS font symbols

(/usr/local/texlive/2015/texmf-dist/tex/latex/amsfonts/amsfonts.sty
Package: amsfonts 2013/01/14 v3.01 Basic AMSFonts support
\symAMSa=\mathgroup4
\symAMSb=\mathgroup5
LaTeX Font Info:    Overwriting math alphabet `\mathfrak' in version `bold'
(Font)                  U/euf/m/n --> U/euf/b/n on input line 106.
))
(/usr/local/texlive/2015/texmf-dist/tex/latex/amscls/amsthm.sty
Package: amsthm 2015/03/04 v2.20.2
\thm@style=\toks23
\thm@bodyfont=\toks24
\thm@headfont=\toks25
\thm@notefont=\toks26
\thm@headpunct=\toks27
\thm@preskip=\skip62
\thm@postskip=\skip63
\thm@headsep=\skip64
\dth@everypar=\toks28
)
(/usr/local/texlive/2015/texmf-dist/tex/latex/adjustbox/adjustbox.sty
Package: adjustbox 2012/05/21 v1.0 Adjusting TeX boxes (trim, clip, ...)

(/usr/local/texlive/2015/texmf-dist/tex/latex/xkeyval/xkeyval.sty
Package: xkeyval 2014/12/03 v2.7a package option processing (HA)

(/usr/local/texlive/2015/texmf-dist/tex/generic/xkeyval/xkeyval.tex
(/usr/local/texlive/2015/texmf-dist/tex/generic/xkeyval/xkvutils.tex
\XKV@toks=\toks29
\XKV@tempa@toks=\toks30
)
\XKV@depth=\count113
File: xkeyval.tex 2014/12/03 v2.7a key=value parser (HA)
))
(/usr/local/texlive/2015/texmf-dist/tex/latex/adjustbox/adjcalc.sty
Package: adjcalc 2012/05/16 v1.1 Provides advanced setlength with multiple back-
ends (calc, etex, pgfmath)
)
(/usr/local/texlive/2015/texmf-dist/tex/latex/adjustbox/trimclip.sty
Package: trimclip 2012/05/16 v1.0 Trim and clip general TeX material

(/usr/local/texlive/2015/texmf-dist/tex/latex/collectbox/collectbox.sty
Package: collectbox 2012/05/17 v0.4b Collect macro arguments as boxes
\collectedbox=\box29
)
\tc@llx=\dimen122
\tc@lly=\dimen123
\tc@urx=\dimen124
\tc@ury=\dimen125
Package trimclip Info: Using driver 'tc-pdftex.def'.

(/usr/local/texlive/2015/texmf-dist/tex/latex/adjustbox/tc-pdftex.def
File: tc-pdftex.def 2012/05/13 v1.0 Clipping driver for pdftex
))
\adjbox@Width=\dimen126
\adjbox@Height=\dimen127
\adjbox@Depth=\dimen128
\adjbox@Totalheight=\dimen129

(/usr/local/texlive/2015/texmf-dist/tex/latex/ifoddpage/ifoddpage.sty
Package: ifoddpage 2011/09/13 v1.0 Conditionals for odd/even page detection
\c@checkoddpage=\count114
)
(/usr/local/texlive/2015/texmf-dist/tex/latex/varwidth/varwidth.sty
Package: varwidth 2009/03/30 ver 0.92;  Variable-width minipages
\@vwid@box=\box30
\sift@deathcycles=\count115
\@vwid@loff=\dimen130
\@vwid@roff=\dimen131
))
\c@theorem=\count116
\c@lemma=\count117
\c@corollary=\count118
\c@proposition=\count119
\c@definition=\count120
\c@example=\count121
\c@remark=\count122

(/usr/local/texlive/2015/texmf-dist/tex/latex/tools/xr.sty
Package: xr 1994/05/28 v5.02 eXternal References (DPC)
)

Package xr Warning: 
No file mdi-ss.aux
LABELS NOT IMPORTED.
 on input line 39.

(./mdi-supp.aux

LaTeX Warning: Label `fig:correlation-adult' multiply defined.

)
\openout1 = mdi-supp.aux

LaTeX Font Info:    Checking defaults for OML/cmm/m/it on input line 53.
LaTeX Font Info:    ... okay on input line 53.
LaTeX Font Info:    Checking defaults for T1/cmr/m/n on input line 53.
LaTeX Font Info:    ... okay on input line 53.
LaTeX Font Info:    Checking defaults for OT1/cmr/m/n on input line 53.
LaTeX Font Info:    ... okay on input line 53.
LaTeX Font Info:    Checking defaults for OMS/cmsy/m/n on input line 53.
LaTeX Font Info:    ... okay on input line 53.
LaTeX Font Info:    Checking defaults for OMX/cmex/m/n on input line 53.
LaTeX Font Info:    ... okay on input line 53.
LaTeX Font Info:    Checking defaults for U/cmr/m/n on input line 53.
LaTeX Font Info:    ... okay on input line 53.
LaTeX Font Info:    Checking defaults for PD1/pdf/m/n on input line 53.
LaTeX Font Info:    ... okay on input line 53.
 (/usr/local/texlive/2015/texmf-dist/tex/context/base/supp-pdf.mkii
[Loading MPS to PDF converter (version 2006.09.02).]
\scratchcounter=\count123
\scratchdimen=\dimen132
\scratchbox=\box31
\nofMPsegments=\count124
\nofMParguments=\count125
\everyMPshowfont=\toks31
\MPscratchCnt=\count126
\MPscratchDim=\dimen133
\MPnumerator=\count127
\makeMPintoPDFobject=\count128
\everyMPtoPDFconversion=\toks32
)
\AtBeginShipoutBox=\box32
Package hyperref Info: Link coloring OFF on input line 53.
 (/usr/local/texlive/2015/texmf-dist/tex/latex/hyperref/nameref.sty
Package: nameref 2012/10/27 v2.43 Cross-referencing by name of section

(/usr/local/texlive/2015/texmf-dist/tex/generic/oberdiek/gettitlestring.sty
Package: gettitlestring 2010/12/03 v1.4 Cleanup title references (HO)
)
\c@section@level=\count129
)
LaTeX Info: Redefining \ref on input line 53.
LaTeX Info: Redefining \pageref on input line 53.
LaTeX Info: Redefining \nameref on input line 53.

(./mdi-supp.out) (./mdi-supp.out)
\@outlinefile=\write3

\openout3 = mdi-supp.out
LaTeX Font Info:    Try loading font information for U+msa on input line 71.

(/usr/local/texlive/2015/texmf-dist/tex/latex/amsfonts/umsa.fd
File: umsa.fd 2013/01/14 v3.01 AMS symbols A
)
LaTeX Font Info:    Try loading font information for U+msb on input line 71.

(/usr/local/texlive/2015/texmf-dist/tex/latex/amsfonts/umsb.fd
File: umsb.fd 2013/01/14 v3.01 AMS symbols B
) [1

{/usr/local/texlive/2015/texmf-var/fonts/map/pdftex/updmap/pdftex.map}]
Package epstopdf Info: Source file: <figure/correlation-adult.eps>
(epstopdf)                    date: 2016-07-06 11:10:26
(epstopdf)                    size: 32754 bytes
(epstopdf)             Output file: <figure/correlation-adult-eps-converted-to.p
df>
(epstopdf)                    date: 2016-07-06 11:32:57
(epstopdf)                    size: 15889 bytes
(epstopdf)             Command: <repstopdf --outfile=figure/correlation-adult-ep
s-converted-to.pdf figure/correlation-adult.eps>
(epstopdf)             \includegraphics on input line 107.
Package epstopdf Info: Output file is already uptodate.

<figure/correlation-adult-eps-converted-to.pdf, id=23, 505.89pt x 505.89pt>
File: figure/correlation-adult-eps-converted-to.pdf Graphic file (type pdf)

<use figure/correlation-adult-eps-converted-to.pdf>
Package pdftex.def Info: figure/correlation-adult-eps-converted-to.pdf used on i
nput line 107.
(pdftex.def)             Requested size: 379.41655pt x 379.41655pt.
Package epstopdf Info: Source file: <figure/correlation-votes.eps>
(epstopdf)                    date: 2016-07-06 11:10:21
(epstopdf)                    size: 41496 bytes
(epstopdf)             Output file: <figure/correlation-votes-eps-converted-to.p
df>
(epstopdf)                    date: 2016-07-06 11:32:57
(epstopdf)                    size: 17864 bytes
(epstopdf)             Command: <repstopdf --outfile=figure/correlation-votes-ep
s-converted-to.pdf figure/correlation-votes.eps>
(epstopdf)             \includegraphics on input line 113.
Package epstopdf Info: Output file is already uptodate.

<figure/correlation-votes-eps-converted-to.pdf, id=24, 505.89pt x 505.89pt>
File: figure/correlation-votes-eps-converted-to.pdf Graphic file (type pdf)

<use figure/correlation-votes-eps-converted-to.pdf>
Package pdftex.def Info: figure/correlation-votes-eps-converted-to.pdf used on i
nput line 113.
(pdftex.def)             Requested size: 379.41655pt x 379.41655pt.


LaTeX Warning: `!h' float specifier changed to `!ht'.

Package epstopdf Info: Source file: <figure/proportion-missing-adult.eps>
(epstopdf)                    date: 2016-07-06 11:11:29
(epstopdf)                    size: 7946 bytes
(epstopdf)             Output file: <figure/proportion-missing-adult-eps-convert
ed-to.pdf>
(epstopdf)                    date: 2016-07-06 11:32:58
(epstopdf)                    size: 12020 bytes
(epstopdf)             Command: <repstopdf --outfile=figure/proportion-missing-a
dult-eps-converted-to.pdf figure/proportion-missing-adult.eps>
(epstopdf)             \includegraphics on input line 119.
Package epstopdf Info: Output file is already uptodate.

<figure/proportion-missing-adult-eps-converted-to.pdf, id=26, 505.89pt x 505.89
pt>
File: figure/proportion-missing-adult-eps-converted-to.pdf Graphic file (type pd
f)
 <use figure/proportion-missing-adult-eps-converted-to.pdf>
Package pdftex.def Info: figure/proportion-missing-adult-eps-converted-to.pdf us
ed on input line 119.
(pdftex.def)             Requested size: 379.41655pt x 379.41655pt.


LaTeX Warning: `!h' float specifier changed to `!ht'.

Package epstopdf Info: Source file: <figure/proportion-missing-votes.eps>
(epstopdf)                    date: 2016-07-06 11:11:25
(epstopdf)                    size: 38808 bytes
(epstopdf)             Output file: <figure/proportion-missing-votes-eps-convert
ed-to.pdf>
(epstopdf)                    date: 2016-07-06 11:32:58
(epstopdf)                    size: 15729 bytes
(epstopdf)             Command: <repstopdf --outfile=figure/proportion-missing-v
otes-eps-converted-to.pdf figure/proportion-missing-votes.eps>
(epstopdf)             \includegraphics on input line 125.
Package epstopdf Info: Output file is already uptodate.

<figure/proportion-missing-votes-eps-converted-to.pdf, id=27, 505.89pt x 505.89
pt>
File: figure/proportion-missing-votes-eps-converted-to.pdf Graphic file (type pd
f)
 <use figure/proportion-missing-votes-eps-converted-to.pdf>
Package pdftex.def Info: figure/proportion-missing-votes-eps-converted-to.pdf us
ed on input line 125.
(pdftex.def)             Requested size: 379.41655pt x 379.41655pt.


LaTeX Warning: `!h' float specifier changed to `!ht'.

[2<./figure/correlation-adult-eps-converted-to.pdf>] [3<./figure/correlation-vot
es-eps-converted-to.pdf>] [4<./figure/proportion-missing-adult-eps-converted-to.
pdf>] [5<./figure/proportion-missing-votes-eps-converted-to.pdf>]
Package epstopdf Info: Source file: <figure/params3d_adult.eps>
(epstopdf)                    date: 2016-07-06 11:35:34
(epstopdf)                    size: 94491 bytes
(epstopdf)             Output file: <figure/params3d_adult-eps-converted-to.pdf>

(epstopdf)                    date: 2016-07-06 11:38:34
(epstopdf)                    size: 79673 bytes
(epstopdf)             Command: <repstopdf --outfile=figure/params3d_adult-eps-c
onverted-to.pdf figure/params3d_adult.eps>
(epstopdf)             \includegraphics on input line 137.
Package epstopdf Info: Output file is already uptodate.

<figure/params3d_adult-eps-converted-to.pdf, id=108, 1445.4pt x 722.7pt>
File: figure/params3d_adult-eps-converted-to.pdf Graphic file (type pdf)

<use figure/params3d_adult-eps-converted-to.pdf>
Package pdftex.def Info: figure/params3d_adult-eps-converted-to.pdf used on inpu
t line 137.
(pdftex.def)             Requested size: 578.14977pt x 289.07487pt.
Package epstopdf Info: Source file: <figure/params3d_votes.eps>
(epstopdf)                    date: 2016-07-06 11:34:35
(epstopdf)                    size: 92607 bytes
(epstopdf)             Output file: <figure/params3d_votes-eps-converted-to.pdf>

(epstopdf)                    date: 2016-07-06 11:38:35
(epstopdf)                    size: 76148 bytes
(epstopdf)             Command: <repstopdf --outfile=figure/params3d_votes-eps-c
onverted-to.pdf figure/params3d_votes.eps>
(epstopdf)             \includegraphics on input line 138.
Package epstopdf Info: Output file is already uptodate.

<figure/params3d_votes-eps-converted-to.pdf, id=109, 1445.4pt x 722.7pt>
File: figure/params3d_votes-eps-converted-to.pdf Graphic file (type pdf)

<use figure/params3d_votes-eps-converted-to.pdf>
Package pdftex.def Info: figure/params3d_votes-eps-converted-to.pdf used on inpu
t line 138.
(pdftex.def)             Requested size: 578.14977pt x 289.07487pt.


LaTeX Warning: Float too large for page by 70.7053pt on input line 141.


LaTeX Warning: `!h' float specifier changed to `!ht'.

[6

] [7<./figure/params3d_adult-eps-converted-to.pdf><./figure/params3d_votes-eps-c
onverted-to.pdf>]
Package epstopdf Info: Source file: <figure/test-errors-adult-no-imp-mnar.eps>
(epstopdf)                    date: 2016-07-06 13:41:49
(epstopdf)                    size: 84814 bytes
(epstopdf)             Output file: <figure/test-errors-adult-no-imp-mnar-eps-co
nverted-to.pdf>
(epstopdf)                    date: 2016-07-06 11:55:37
(epstopdf)                    size: 32937 bytes
(epstopdf)             Command: <repstopdf --outfile=figure/test-errors-adult-no
-imp-mnar-eps-converted-to.pdf figure/test-errors-adult-no-imp-mnar.eps>
(epstopdf)             \includegraphics on input line 157.
system(repstopdf --outfile=figure/test-errors-adult-no-imp-mnar-eps-converted-to
.pdf figure/test-errors-adult-no-imp-mnar.eps) executed.
Package epstopdf Info: Result file: <figure/test-errors-adult-no-imp-mnar-eps-co
nverted-to.pdf>
(epstopdf)                    date: 2016-07-06 13:43:24
(epstopdf)                    size: 33131 bytes.

<figure/test-errors-adult-no-imp-mnar-eps-converted-to.pdf, id=215, 505.89pt x 
505.89pt>
File: figure/test-errors-adult-no-imp-mnar-eps-converted-to.pdf Graphic file (ty
pe pdf)
 <use figure/test-errors-adult-no-imp-mnar-eps-converted-to.pdf>
Package pdftex.def Info: figure/test-errors-adult-no-imp-mnar-eps-converted-to.p
df used on input line 157.
(pdftex.def)             Requested size: 278.24034pt x 278.24034pt.
Package epstopdf Info: Source file: <figure/test-errors-adult-imp-mnar.eps>
(epstopdf)                    date: 2016-07-06 13:41:49
(epstopdf)                    size: 246038 bytes
(epstopdf)             Output file: <figure/test-errors-adult-imp-mnar-eps-conve
rted-to.pdf>
(epstopdf)                    date: 2016-07-06 11:55:38
(epstopdf)                    size: 136812 bytes
(epstopdf)             Command: <repstopdf --outfile=figure/test-errors-adult-im
p-mnar-eps-converted-to.pdf figure/test-errors-adult-imp-mnar.eps>
(epstopdf)             \includegraphics on input line 158.
system(repstopdf --outfile=figure/test-errors-adult-imp-mnar-eps-converted-to.pd
f figure/test-errors-adult-imp-mnar.eps) executed.
Package epstopdf Info: Result file: <figure/test-errors-adult-imp-mnar-eps-conve
rted-to.pdf>
(epstopdf)                    date: 2016-07-06 13:43:25
(epstopdf)                    size: 127509 bytes.

<figure/test-errors-adult-imp-mnar-eps-converted-to.pdf, id=216, 505.89pt x 505
.89pt>
File: figure/test-errors-adult-imp-mnar-eps-converted-to.pdf Graphic file (type 
pdf)
 <use figure/test-errors-adult-imp-mnar-eps-converted-to.pdf>
Package pdftex.def Info: figure/test-errors-adult-imp-mnar-eps-converted-to.pdf 
used on input line 158.
(pdftex.def)             Requested size: 278.24034pt x 278.24034pt.


LaTeX Warning: Float too large for page by 68.03624pt on input line 161.


LaTeX Warning: `!h' float specifier changed to `!ht'.

Package epstopdf Info: Source file: <figure/test-errors-votes-no-imp-mnar.eps>
(epstopdf)                    date: 2016-07-06 13:41:50
(epstopdf)                    size: 86736 bytes
(epstopdf)             Output file: <figure/test-errors-votes-no-imp-mnar-eps-co
nverted-to.pdf>
(epstopdf)                    date: 2016-07-06 11:55:39
(epstopdf)                    size: 32204 bytes
(epstopdf)             Command: <repstopdf --outfile=figure/test-errors-votes-no
-imp-mnar-eps-converted-to.pdf figure/test-errors-votes-no-imp-mnar.eps>
(epstopdf)             \includegraphics on input line 164.
system(repstopdf --outfile=figure/test-errors-votes-no-imp-mnar-eps-converted-to
.pdf figure/test-errors-votes-no-imp-mnar.eps) executed.
Package epstopdf Info: Result file: <figure/test-errors-votes-no-imp-mnar-eps-co
nverted-to.pdf>
(epstopdf)                    date: 2016-07-06 13:43:26
(epstopdf)                    size: 32770 bytes.

<figure/test-errors-votes-no-imp-mnar-eps-converted-to.pdf, id=217, 505.89pt x 
505.89pt>
File: figure/test-errors-votes-no-imp-mnar-eps-converted-to.pdf Graphic file (ty
pe pdf)
 <use figure/test-errors-votes-no-imp-mnar-eps-converted-to.pdf>
Package pdftex.def Info: figure/test-errors-votes-no-imp-mnar-eps-converted-to.p
df used on input line 164.
(pdftex.def)             Requested size: 278.24034pt x 278.24034pt.
Package epstopdf Info: Source file: <figure/test-errors-votes-imp-mnar.eps>
(epstopdf)                    date: 2016-07-06 13:41:50
(epstopdf)                    size: 254994 bytes
(epstopdf)             Output file: <figure/test-errors-votes-imp-mnar-eps-conve
rted-to.pdf>
(epstopdf)                    date: 2016-07-06 11:55:39
(epstopdf)                    size: 108820 bytes
(epstopdf)             Command: <repstopdf --outfile=figure/test-errors-votes-im
p-mnar-eps-converted-to.pdf figure/test-errors-votes-imp-mnar.eps>
(epstopdf)             \includegraphics on input line 165.
system(repstopdf --outfile=figure/test-errors-votes-imp-mnar-eps-converted-to.pd
f figure/test-errors-votes-imp-mnar.eps) executed.
Package epstopdf Info: Result file: <figure/test-errors-votes-imp-mnar-eps-conve
rted-to.pdf>
(epstopdf)                    date: 2016-07-06 13:43:26
(epstopdf)                    size: 110666 bytes.

<figure/test-errors-votes-imp-mnar-eps-converted-to.pdf, id=218, 505.89pt x 505
.89pt>
File: figure/test-errors-votes-imp-mnar-eps-converted-to.pdf Graphic file (type 
pdf)
 <use figure/test-errors-votes-imp-mnar-eps-converted-to.pdf>
Package pdftex.def Info: figure/test-errors-votes-imp-mnar-eps-converted-to.pdf 
used on input line 165.
(pdftex.def)             Requested size: 278.24034pt x 278.24034pt.


LaTeX Warning: Float too large for page by 49.03624pt on input line 168.


LaTeX Warning: `!h' float specifier changed to `!ht'.

Package atveryend Info: Empty hook `BeforeClearDocument' on input line 170.
[8

] [9<./figure/test-errors-adult-no-imp-mnar-eps-converted-to.pdf><./figure/test-
errors-adult-imp-mnar-eps-converted-to.pdf>] [10<./figure/test-errors-votes-no-i
mp-mnar-eps-converted-to.pdf><./figure/test-errors-votes-imp-mnar-eps-converted-
to.pdf>]
Package atveryend Info: Empty hook `AfterLastShipout' on input line 170.
 (./mdi-supp.aux)
Package atveryend Info: Executing hook `AtVeryEndDocument' on input line 170.
Package atveryend Info: Executing hook `AtEndAfterFileList' on input line 170.
Package rerunfilecheck Info: File `mdi-supp.out' has not changed.
(rerunfilecheck)             Checksum: 2A97E8F928D105B3A18D4BF0F2425461;194.


LaTeX Warning: There were multiply-defined labels.

Package atveryend Info: Empty hook `AtVeryVeryEnd' on input line 170.
)

Here is how much of LuaTeX's memory you used:
 8241 strings out of 494693
 100000,221844 words of node,token memory allocated
 346 words of node memory still in use:
   5 hlist, 2 vlist, 2 rule, 2 glue, 2 kern, 46 glue_spec, 1 write nodes
   avail lists: 2:23,3:63,4:407,5:55,6:1334,7:57,8:7,9:116,10:137
 11303 multiletter control sequences out of 65536+600000
 55 fonts using 2172263 bytes
 34i,12n,43p,789b,356s stack positions out of 5000i,500n,10000p,200000b,100000s
<</usr/local/texlive/2015/texmf-dist/fonts/type1/public/amsfonts/cm/cmbx12.pfb><
</usr/local/texlive/2015/texmf-dist/fonts/type1/public/amsfonts/cm/cmex10.pfb><<
/usr/local/texlive/2015/texmf-dist/fonts/type1/public/amsfonts/cm/cmmi12.pfb><</
usr/local/texlive/2015/texmf-dist/fonts/type1/public/amsfonts/cm/cmmi8.pfb><</us
r/local/texlive/2015/texmf-dist/fonts/type1/public/amsfonts/cm/cmr10.pfb><</usr/
local/texlive/2015/texmf-dist/fonts/type1/public/amsfonts/cm/cmr12.pfb><</usr/lo
cal/texlive/2015/texmf-dist/fonts/type1/public/amsfonts/cm/cmr8.pfb><</usr/local
/texlive/2015/texmf-dist/fonts/type1/public/amsfonts/cm/cmr9.pfb><</usr/local/te
xlive/2015/texmf-dist/fonts/type1/public/amsfonts/cm/cmsy10.pfb><</usr/local/tex
live/2015/texmf-dist/fonts/type1/public/amsfonts/cm/cmti12.pfb>
Output written on mdi-supp.pdf (10 pages, 607917 bytes).

PDF statistics: 386 PDF objects out of 1000 (max. 8388607)
 189 compressed objects within 2 object streams
 22 named destinations out of 1000 (max. 131072)
 25 words of extra memory for PDF output out of 10000 (max. 10000000)

